TN:
SF:src/errors.js
FNF:0
FNH:0
DA:2,4
DA:13,4
LF:2
LH:2
BRF:0
BRH:0
end_of_record
TN:
SF:src/index.js
FN:11,createApp
FN:27,(anonymous_1)
FNF:2
FNH:2
FNDA:1,createApp
FNDA:1,(anonymous_1)
DA:3,1
DA:4,1
DA:5,1
DA:6,1
DA:7,1
DA:8,1
DA:9,1
DA:12,1
DA:13,1
DA:15,1
DA:16,1
DA:19,1
DA:22,1
DA:25,1
DA:27,1
DA:28,1
DA:31,1
DA:35,1
DA:46,1
LF:19
LH:19
BRDA:35,0,0,1
BRF:1
BRH:1
end_of_record
TN:
SF:src/routes.js
FN:8,configureRoutes
FNF:1
FNH:0
FNDA:0,configureRoutes
DA:3,0
DA:4,0
DA:5,0
DA:6,0
DA:9,0
DA:12,0
DA:13,0
DA:14,0
DA:16,0
DA:19,0
LF:10
LH:0
BRF:0
BRH:0
end_of_record
TN:
SF:src/helpers/constants.js
FNF:0
FNH:0
DA:3,1
LF:1
LH:1
BRF:0
BRH:0
end_of_record
TN:
SF:src/helpers/validators.js
FNF:0
FNH:0
DA:3,5
DA:6,5
DA:15,5
DA:22,5
DA:30,5
LF:5
LH:5
BRF:0
BRH:0
end_of_record
TN:
SF:src/routes/butterflyRoutes.js
FN:8,configureButterflyRoutes
FN:15,(anonymous_1)
FN:40,(anonymous_2)
FNF:3
FNH:3
FNDA:2,configureButterflyRoutes
FNDA:2,(anonymous_1)
FNDA:2,(anonymous_2)
DA:3,2
DA:4,2
DA:5,2
DA:6,2
DA:9,2
DA:15,2
DA:16,2
DA:18,2
DA:23,2
DA:24,1
DA:28,1
DA:30,0
DA:31,0
DA:40,2
DA:43,2
DA:44,2
DA:46,1
DA:48,1
DA:51,1
DA:57,1
DA:62,1
DA:67,0
DA:68,0
DA:73,2
DA:76,2
LF:25
LH:21
BRDA:23,0,0,1
BRDA:23,0,1,1
BRF:2
BRH:2
end_of_record
TN:
SF:src/routes/ratingRoutes.js
FN:7,configureRatingRoutes
FN:11,(anonymous_1)
FN:25,(anonymous_2)
FN:28,(anonymous_3)
FN:37,(anonymous_4)
FNF:5
FNH:4
FNDA:2,configureRatingRoutes
FNDA:2,(anonymous_1)
FNDA:0,(anonymous_2)
FNDA:1,(anonymous_3)
FNDA:2,(anonymous_4)
DA:3,2
DA:4,2
DA:5,2
DA:8,2
DA:11,2
DA:12,2
DA:15,2
DA:18,2
DA:20,2
DA:21,1
DA:25,1
DA:28,1
DA:29,1
DA:31,0
DA:32,0
DA:37,2
DA:38,2
DA:41,2
DA:42,2
DA:44,1
DA:48,1
DA:49,0
DA:52,1
DA:53,1
DA:55,1
DA:57,1
DA:60,0
DA:64,1
DA:69,0
DA:70,0
DA:74,2
DA:77,2
LF:32
LH:26
BRDA:20,0,0,1
BRDA:20,0,1,1
BRDA:20,1,0,2
BRDA:20,1,1,2
BRDA:48,2,0,0
BRDA:48,2,1,1
BRDA:48,3,0,1
BRDA:48,3,1,1
BRDA:48,3,2,1
BRDA:48,3,3,1
BRDA:48,3,4,1
BRDA:55,4,0,1
BRDA:55,4,1,0
BRF:13
BRH:11
end_of_record
TN:
SF:src/routes/userRoutes.js
FN:8,configureUserRoutes
FN:15,(anonymous_1)
FN:40,(anonymous_2)
FNF:3
FNH:3
FNDA:2,configureUserRoutes
FNDA:2,(anonymous_1)
FNDA:2,(anonymous_2)
DA:3,2
DA:4,2
DA:5,2
DA:6,2
DA:9,2
DA:15,2
DA:16,2
DA:19,2
DA:24,2
DA:25,1
DA:29,1
DA:31,0
DA:32,0
DA:40,2
DA:43,2
DA:44,2
DA:46,1
DA:49,1
DA:50,1
DA:55,1
DA:60,1
DA:66,0
DA:67,0
DA:71,2
DA:74,2
LF:25
LH:21
BRDA:24,0,0,1
BRDA:24,0,1,1
BRF:2
BRH:2
end_of_record
